<?xml version="1.0" encoding="UTF-8"?>
<port_setup version="1.2">
  <port_list>
    <port id="1">
      <name>P3</name>
      <plus_pin>P3</plus_pin>
      <impedance>
        <real>50</real>
        <imag>0</imag>
      </impedance>
      <term_type>input</term_type>
    </port>
    <port id="2">
      <name>P4</name>
      <plus_pin>P4</plus_pin>
      <impedance>
        <real>50</real>
        <imag>0</imag>
      </impedance>
      <term_type>input</term_type>
    </port>
  </port_list>
</port_setup>
