<?xml version="1.0" encoding="UTF-8"?>
<port_setup version="1.3">
  <calibration_group_list>
    <calibration_group id="1">
      <type>Auto</type>
      <auto_split>true</auto_split>
    </calibration_group>
  </calibration_group_list>
  <port_list>
    <port id="1">
      <name>P3</name>
      <plus_pin>P3</plus_pin>
      <impedance>
        <real>50</real>
        <imag>0</imag>
      </impedance>
      <term_type>input</term_type>
      <calibration_group_ref ref="1" />
    </port>
    <port id="2">
      <name>P4</name>
      <plus_pin>P4</plus_pin>
      <impedance>
        <real>50</real>
        <imag>0</imag>
      </impedance>
      <term_type>input</term_type>
      <calibration_group_ref ref="1" />
    </port>
  </port_list>
</port_setup>
