==============================================================================

                  ------ MOMENTUM STATISTICS (MW mode) ------

              Momentum MomEngine_64 13.00.433 (*) built: Oct 24 2018
                           Thu Oct 10 18:02:27 2019

==============================================================================


------------------------------------------------------------------------------
MESH
------------------------------------------------------------------------------
 Frequency          : 12 GHz

 Rectangular cells  : 36
 Quadrangular cells : 12
 Triangular cells   : 4
 Via cells          : 0

 Edge currents      : 106

------------------------------------------------------------------------------
SOLVER                        USER TIME      ELAPSED TIME      MEMORY         
PROCESSES                      (h:m:s)          (h:m:s)         (MB)          
------------------------------------------------------------------------------

SIMULATION SET-UP
-----------------
 Initialization           |     0: 0: 0   |     0: 0: 1   |     22.30   
 Ports analysis           |     0: 0: 0   |     0: 0: 0   |      0.16   
 Mesh processing          |     0: 0: 0   |     0: 0: 0   |      4.71   

 Matrix size : 388
 Reduced matrix size : 320
 Estimated process size is below 256.00 MB

 Simulation temperature : 298.15 K

1. SIMULATION FREQUENCY = 8 GHz 
-------------------------
 Green functions          |     0: 0: 0   |     0: 0: 0   |      0.70   
 Basis creation           |     0: 0: 0   |     0: 0: 0   |      5.59   
 Matrix load              |     0: 0: 1   |     0: 0: 0   |     13.58   
 Matrix solve             |     0: 0: 0   |     0: 0: 0   |      0.00   
 S parameters             |     0: 0: 0   |     0: 0: 0   |      0.00   

2. SIMULATION FREQUENCY = 12 GHz 
-------------------------
 Green functions          |     0: 0: 0   |     0: 0: 1   |      0.00   
 Matrix load              |     0: 0: 1   |     0: 0: 0   |      5.37   
 Matrix solve             |     0: 0: 0   |     0: 0: 0   |      0.00   
 S parameters             |     0: 0: 0   |     0: 0: 0   |      0.00   
 Adaptive sampling        |     0: 0: 0   |     0: 0: 0   |      0.00   

3. SIMULATION FREQUENCY = 10.6667 GHz 
-------------------------
 Green functions          |     0: 0: 0   |     0: 0: 0   |      0.00   
 Matrix load              |     0: 0: 1   |     0: 0: 1   |      0.40   
 Matrix solve             |     0: 0: 0   |     0: 0: 0   |      0.00   
 S parameters             |     0: 0: 0   |     0: 0: 0   |      0.00   
 Adaptive sampling        |     0: 0: 0   |     0: 0: 0   |      0.00   

4. SIMULATION FREQUENCY = 9.33333 GHz 
-------------------------
 Green functions          |     0: 0: 0   |     0: 0: 0   |      0.00   
 Matrix load              |     0: 0: 1   |     0: 0: 0   |      0.00   
 Matrix solve             |     0: 0: 0   |     0: 0: 0   |      0.00   
 S parameters             |     0: 0: 0   |     0: 0: 0   |      0.00   
 Adaptive sampling        |     0: 0: 0   |     0: 0: 0   |      0.00   

------------------------------------------------------------------------------
TOTALS
------------------------------------------------------------------------------
 Nr of Frequencies   : 4 

 Physical memory :    52.81 MB
 Virtual memory  :    43.60 MB
 Page faults     :       22435
 User Time       :    0h 0m 4s
 Elapsed Time    :    0h 0m 3s

==============================================================================

