; Top Design: "ratrace1_lib:cell_6:schematic"
; Netlisted using Hierarchy Policy: "Standard"

Options ResourceUsage=yes UseNutmegFormat=no EnableOptim=no TopDesignName="ratrace1_lib:cell_6:schematic" DcopOutputNodeVoltages=yes DcopOutputPinCurrents=yes DcopOutputAllSweepPoints=no DcopOutputDcopType=0
; Library Name: ratrace1_lib
; Cell Name: cell_3
; View Name: schematic
define cell_3 ( P1  P2  P3  P4 ) 
;parameters 
MCURVE:Curve1  N__6 N__5 Subst="MSub1" W=X mil Angle=60 Radius=Rad mil 
MCURVE:Curve2  N__8 N__7 Subst="MSub1" W=X mil Angle=60 Radius=Rad mil 
MCURVE:Curve3  N__10 N__9 Subst="MSub1" W=X mil Angle=60 Radius=Rad mil 
MCURVE:Curve4  N__12 N__11 Subst="MSub1" W=X mil Angle=60 Radius=Rad mil 
MCURVE:Curve5  N__14 N__13 Subst="MSub1" W=X mil Angle=60 Radius=Rad mil 
MCURVE:Curve6  N__4 N__15 Subst="MSub1" W=X mil Angle=60 Radius=Rad mil 
MLIN2:TL1  N__13 N__12 Subst="MSub1" W=X mil L=Z mil Wall1=1.0E+30 mil Wall2=1.0E+30 mil Mod=1 
MLIN2:TL2  N__15 N__14 Subst="MSub1" W=X mil L=Z mil Wall1=1.0E+30 mil Wall2=1.0E+30 mil Mod=1 
MTEE:Tee1  N__5 N__4 N__16 Subst="MSub1" W1=X mil W2=Y mil W3=Z mil 
MTEE:Tee2  N__7 N__6 N__19 Subst="MSub1" W1=X mil W2=Y mil W3=Z mil 
MTEE:Tee3  N__9 N__8 N__18 Subst="MSub1" W1=X mil W2=Y mil W3=Z mil 
MTEE:Tee4  N__11 N__10 N__17 Subst="MSub1" W1=X mil W2=Y mil W3=Z mil 

X=35.38
Z=61.853
Rad=149.07
Y=35.38
MLIN2:TL3  P1 N__19 Subst="MSub1" W=X mil L=60 mil Wall1=1.0E+30 mil Wall2=1.0E+30 mil Mod=1 
MLIN2:TL4  N__16 P2 Subst="MSub1" W=X mil L=60 mil Wall1=1.0E+30 mil Wall2=1.0E+30 mil Mod=1 
MLIN2:TL5  N__18 P3 Subst="MSub1" W=X mil L=60 mil Wall1=1.0E+30 mil Wall2=1.0E+30 mil Mod=1 
MLIN2:TL6  N__17 P4 Subst="MSub1" W=X mil L=60 mil Wall1=1.0E+30 mil Wall2=1.0E+30 mil Mod=1 
end cell_3

cell_3:X1  N__3 N__2 N__1 N__0 
S_Param:SP1 CalcS=yes CalcY=no CalcZ=no GroupDelayAperture=1e-4 FreqConversion=no FreqConversionPort=1 StatusLevel=2 CalcNoise=no SortNoise=0 BandwidthForNoise=1.0 Hz DevOpPtLevel=0 \
SweepVar="freq" SweepPlan="SP1_stim" OutputPlan="SP1_Output" 

SweepPlan: SP1_stim Start=5 GHz Stop=15 GHz Step=0.1 GHz 

OutputPlan:SP1_Output \
      Type="Output" \
      UseEquationNestLevel=yes \
      EquationNestLevel=2 \
      UseSavedEquationNestLevel=yes \
      SavedEquationNestLevel=2

#load "python","LinearCollapse"
Component Module="LinearCollapse" Type="ModelExtractor" NetworkRepresentation=2
Port:TermG1  N__3 0 Num=1 Z=50 Ohm Noise=yes 
Port:TermG2  N__2 0 Num=2 Z=50 Ohm Noise=yes 
Port:TermG3  N__1 0 Num=3 Z=50 Ohm Noise=yes 
Port:TermG4  N__0 0 Num=4 Z=50 Ohm Noise=yes 
model MSub1 MSUB H=20 mil Er=2.2 Mur=1 Cond=4.1e7 Hu=3.93701e+34 mil T=0 mil TanD=0 Rough=0 mil DielectricLossModel=1 FreqForEpsrTanD=1.0 GHz LowFreqForTanD=1.0 kHz HighFreqForTanD=1.0 THz RoughnessModel=2 
