License checkout took 0.200 sec
License checkout took 0.157 sec
Momentum MomEngine_64 13.02.073 (*) built: Feb 20 2019
Copyright  1992 - 2019 Keysight Technologies
Simulation started on: Wed Oct 23 15:31:57 2019
Simulation Mode: uW
Substrate to be computed from 8 GHz to 12 GHz!
Substrate calculation started
.........|.........|.........|.........| 
Substrate calculation finished
Automatically determined a snap distance of
0.0021 mil for layout healing.
Layout simplification started
.........|.........|.........|.........| 
Layout simplification finished
Generating mesh at 12 GHz...
S-parameter simulation
S-parameter simulation started
...initializing
...extracting layout
...analyzing ports
...reducing mesh
Automatic selection: direct dense matrix solver
Using multi-threading (8 threads)
Matrix size: 46 (reduced: 46)
Simulation temperature: 298.15 K
Adaptive frequency sweep started
Simulation frequency [1] = 8 GHz
...loading Green functions
...creating Basis sections
...allocating interaction matrix
...loading interaction matrix
.........|.........|.........|.........| 
...solving interaction matrix
.........|.........|.........|.........| 
...calculating S-parameters
Simulation frequency [2] = 12 GHz
...loading Green functions
...loading interaction matrix
.........|.........|.........|.........| 
...solving interaction matrix
.........|.........|.........|.........| 
...calculating S-parameters
Adaptive:   0.0 % of frequency range covered
Simulation frequency [3] = 10.6667 GHz
...loading Green functions
...loading interaction matrix
.........|.........|.........|.........| 
...solving interaction matrix
.........|.........|.........|.........| 
...calculating S-parameters
Simulation frequency [4] = 9.33333 GHz
...loading Green functions
...loading interaction matrix
.........|.........|.........|.........| 
...solving interaction matrix
.........|.........|.........|.........| 
...calculating S-parameters
Adaptive: 100.0 % of frequency range covered
S-parameter simulation finished
Simulation finished on: Wed Oct 23 15:32:07 2019
The simulation results have been saved in dataset "cell_1_MomUW".
